{
  "stats": {
    "suites": 1,
    "tests": 5,
    "passes": 5,
    "pending": 0,
    "failures": 0,
    "start": "2020-08-19T06:38:07.454Z",
    "end": "2020-08-19T06:38:26.217Z",
    "duration": 18763,
    "testsRegistered": 5,
    "passPercent": 100,
    "pendingPercent": 0,
    "other": 0,
    "hasOther": false,
    "skipped": 0,
    "hasSkipped": false
  },
  "results": [
    {
      "uuid": "6276e5cf-d164-4486-ad7a-19ef4fcf88e6",
      "title": "",
      "fullFile": "cypress\\integration\\firstAPITest.spec.js",
      "file": "cypress\\integration\\firstAPITest.spec.js",
      "beforeHooks": [],
      "afterHooks": [],
      "tests": [],
      "suites": [
        {
          "uuid": "f9af19b3-29af-4c1e-9e20-b49a26a8bfba",
          "title": "Test with backend",
          "fullFile": "",
          "file": "",
          "beforeHooks": [],
          "afterHooks": [],
          "tests": [
            {
              "title": "should log in",
              "fullTitle": "Test with backend should log in",
              "timedOut": null,
              "duration": 4419,
              "state": "passed",
              "speed": "slow",
              "pass": true,
              "fail": false,
              "pending": false,
              "context": null,
              "code": "cy.log('Yaaaaay we logged in! as: ' + Cypress.env('username'));",
              "err": {},
              "uuid": "b543fdff-7111-450f-a1f2-5f3cfdbe651b",
              "parentUUID": "f9af19b3-29af-4c1e-9e20-b49a26a8bfba",
              "isHook": false,
              "skipped": false
            },
            {
              "title": "verify correct request and response from API",
              "fullTitle": "Test with backend verify correct request and response from API",
              "timedOut": null,
              "duration": 4571,
              "state": "passed",
              "speed": "slow",
              "pass": true,
              "fail": false,
              "pending": false,
              "context": null,
              "code": "cy.server(); //creating the 'server' so we can simulate API call interception\ncy.route('POST', '**/articles').as('postArticles'); //Double-asterisk acts as a \"wildcard\" and  \"as\" is to declare a \"global variable\" and save resposned there\ncy.contains('New Article').click();\ncy.get('[formcontrolname=\"title\"]').type('This is the title');\ncy.get('[formcontrolname=\"description\"]').type('Just a test');\ncy.get('[formcontrolname=\"body\"]').type('Blah Blah Blah');\ncy.contains('Publish Article').click();\ncy.wait('@postArticles'); //Always use \"wait\"!!!\ncy.get('@postArticles').then(function (backend) {\n    console.log(backend);\n    expect(backend.status).to.equal(200);\n    expect(backend.request.body.article.body).to.equal('Blah Blah Blah');\n    expect(backend.response.body.article.description).to.equal('Just a test');\n});",
              "err": {},
              "uuid": "664c42b3-ad1d-4bfc-91df-765efac44a1b",
              "parentUUID": "f9af19b3-29af-4c1e-9e20-b49a26a8bfba",
              "isHook": false,
              "skipped": false
            },
            {
              "title": "should give tags with routing object",
              "fullTitle": "Test with backend should give tags with routing object",
              "timedOut": null,
              "duration": 2043,
              "state": "passed",
              "speed": "slow",
              "pass": true,
              "fail": false,
              "pending": false,
              "context": null,
              "code": "cy.get('.tag-list').should('contain', 'cypress')\n    .and('contain', 'automation')\n    .and('contain', 'testing');",
              "err": {},
              "uuid": "00157480-7a21-4c46-9bf4-cf0645af6c32",
              "parentUUID": "f9af19b3-29af-4c1e-9e20-b49a26a8bfba",
              "isHook": false,
              "skipped": false
            },
            {
              "title": "verify global feed likes count",
              "fullTitle": "Test with backend verify global feed likes count",
              "timedOut": null,
              "duration": 1955,
              "state": "passed",
              "speed": "slow",
              "pass": true,
              "fail": false,
              "pending": false,
              "context": null,
              "code": "cy.route('GET', '**/articles/feed*', '{\"articles\":[], \"articlesCount\":0}');\ncy.route('GET', '**/articles*', 'fixture:articles.json');\ncy.contains('Global Feed').click();\ncy.get('app-article-list button').then(function (listOfbuttons) {\n    expect(listOfbuttons[0]).to.contain('1');\n    expect(listOfbuttons[1]).to.contain('5');\n});\ncy.fixture('articles').then(function (file) {\n    var articleLink = file.articles[1].slug;\n    cy.route('POST', '**/articles/' + articleLink + '/favorite', file);\n});\ncy.get('app-article-list button').eq(1).click()\n    .should('contain', '6');",
              "err": {},
              "uuid": "c1753b7c-a449-47c6-9c55-56dfdd8a7a13",
              "parentUUID": "f9af19b3-29af-4c1e-9e20-b49a26a8bfba",
              "isHook": false,
              "skipped": false
            },
            {
              "title": "deleting a new article in the Global Feed",
              "fullTitle": "Test with backend deleting a new article in the Global Feed",
              "timedOut": null,
              "duration": 5534,
              "state": "passed",
              "speed": "slow",
              "pass": true,
              "fail": false,
              "pending": false,
              "context": null,
              "code": "//const userCredentials = {\n//    \"user\": {\n//        \"email\": \"vod.kanokers@jake.com\",\n//        \"password\": \"test123test\"\n//    }\n//}\n// cy.request('POST', 'https://conduit.productionready.io/api/users/login', userCredentials)\n//.its('body').then( body => { //This is to grab certain parameters (in this case, the body) from a response\n//const token = body.user.token\nvar bodyRequest = {\n    \"article\": {\n        \"tagList\": [],\n        \"title\": \"Request from API\",\n        \"description\": \"API Testing is Easy\",\n        \"body\": \"Angular is cool!\"\n    }\n};\ncy.get('@token').then(function (token) {\n    cy.request({\n        url: Cypress.env('apiURL') + 'api/articles/',\n        headers: { 'Authorization': 'Token ' + token },\n        method: 'POST',\n        body: bodyRequest\n    }).then(function (response) {\n        expect(response.status).to.equal(200);\n    });\n    cy.contains('Global Feed').click();\n    cy.get('[class=\"article-preview\"').first().click();\n    cy.wait(10);\n    cy.get('.article-actions').contains('Delete Article').click();\n    cy.request({\n        url: Cypress.env('apiURL') + 'api/articles?limit=10&offset=0',\n        headers: { 'Authorization': 'Token ' + token },\n        method: 'GET'\n    }).its('body').then(function (body) {\n        // console.log(body) //With this step, we can go to the Console on the browser and retrieve any parameters from the\n        //articles list, such as the title, etc. We are now removing this bit so we can assert that, after deleting our newly\n        //created article, the title of the top item on the list does not match the title we used in ours\n        expect(body.articles[0].title).not.to.equal('Request from API');\n    });\n});",
              "err": {},
              "uuid": "b20a853f-f586-4b72-af0c-38dce34e9150",
              "parentUUID": "f9af19b3-29af-4c1e-9e20-b49a26a8bfba",
              "isHook": false,
              "skipped": false
            }
          ],
          "suites": [],
          "passes": [
            "b543fdff-7111-450f-a1f2-5f3cfdbe651b",
            "664c42b3-ad1d-4bfc-91df-765efac44a1b",
            "00157480-7a21-4c46-9bf4-cf0645af6c32",
            "c1753b7c-a449-47c6-9c55-56dfdd8a7a13",
            "b20a853f-f586-4b72-af0c-38dce34e9150"
          ],
          "failures": [],
          "pending": [],
          "skipped": [],
          "duration": 18522,
          "root": false,
          "rootEmpty": false,
          "_timeout": 2000
        }
      ],
      "passes": [],
      "failures": [],
      "pending": [],
      "skipped": [],
      "duration": 0,
      "root": true,
      "rootEmpty": true,
      "_timeout": 2000
    }
  ],
  "meta": {
    "mocha": {
      "version": "7.0.1"
    },
    "mochawesome": {
      "options": {
        "quiet": false,
        "reportFilename": "mochawesome",
        "saveHtml": false,
        "saveJson": true,
        "consoleReporter": "spec",
        "useInlineDiffs": false,
        "code": true
      },
      "version": "6.1.1"
    },
    "marge": {
      "options": {
        "id": "default",
        "reportDir": "cypress/results/mochawesome",
        "overwrite": false,
        "html": false,
        "json": true
      },
      "version": "5.1.0"
    }
  }
}