{
  "stats": {
    "suites": 1,
    "tests": 1,
    "passes": 0,
    "pending": 0,
    "failures": 1,
    "start": "2020-12-21T23:48:00.475Z",
    "end": "2020-12-21T23:48:36.040Z",
    "duration": 35565,
    "testsRegistered": 1,
    "passPercent": 0,
    "pendingPercent": 0,
    "other": 0,
    "hasOther": false,
    "skipped": 0,
    "hasSkipped": false
  },
  "results": [
    {
      "uuid": "2e618da1-be31-4e1b-908e-88200719aac1",
      "title": "",
      "fullFile": "cypress\\integration\\secondTest.spec.js",
      "file": "cypress\\integration\\secondTest.spec.js",
      "beforeHooks": [],
      "afterHooks": [],
      "tests": [],
      "suites": [
        {
          "uuid": "54c2bd8d-eb58-4d9b-8829-ab7cba633630",
          "title": "Test log out",
          "fullFile": "",
          "file": "",
          "beforeHooks": [],
          "afterHooks": [],
          "tests": [
            {
              "title": "verify logging out",
              "fullTitle": "Test log out verify logging out",
              "timedOut": null,
              "duration": 7152,
              "state": "failed",
              "speed": null,
              "pass": false,
              "fail": true,
              "pending": false,
              "context": null,
              "code": "cy.contains('Settings').click();\ncy.contains(' Or click here to logout').click();\ncy.get('[class=\"nav navbar-nav pull-xs-right\"]').should('contain', \"Sign in1\");",
              "err": {
                "message": "Error: EPERM: operation not permitted, open 'C:\\Users\\amaqu\\Documents\\GitHub\\angular-realworld-example-app\\cypress\\screenshots\\secondTest.spec.js\\Test log out -- verify logging out (failed) (attempt 3).png'",
                "estack": "Error: EPERM: operation not permitted, open 'C:\\Users\\amaqu\\Documents\\GitHub\\angular-realworld-example-app\\cypress\\screenshots\\secondTest.spec.js\\Test log out -- verify logging out (failed) (attempt 3).png'\n\n",
                "diff": null
              },
              "uuid": "862438e3-19a7-4a8d-8a67-b08344fc8173",
              "parentUUID": "54c2bd8d-eb58-4d9b-8829-ab7cba633630",
              "isHook": false,
              "skipped": false
            }
          ],
          "suites": [],
          "passes": [],
          "failures": [
            "862438e3-19a7-4a8d-8a67-b08344fc8173"
          ],
          "pending": [],
          "skipped": [],
          "duration": 7152,
          "root": false,
          "rootEmpty": false,
          "_timeout": 2000
        }
      ],
      "passes": [],
      "failures": [],
      "pending": [],
      "skipped": [],
      "duration": 0,
      "root": true,
      "rootEmpty": true,
      "_timeout": 2000
    }
  ],
  "meta": {
    "mocha": {
      "version": "7.0.1"
    },
    "mochawesome": {
      "options": {
        "quiet": false,
        "reportFilename": "mochawesome",
        "saveHtml": false,
        "saveJson": true,
        "consoleReporter": "spec",
        "useInlineDiffs": false,
        "code": true
      },
      "version": "6.1.1"
    },
    "marge": {
      "options": {
        "id": "default",
        "reportDir": "cypress/results/mochawesome",
        "overwrite": false,
        "html": false,
        "json": true
      },
      "version": "5.1.0"
    }
  }
}